Symlinking /home/aditya/rotor_s/devel/lib/pkgconfig/rotors_gazebo.pc
Symlinking /home/aditya/rotor_s/devel/lib/rotors_gazebo/waypoint_publisher
Symlinking /home/aditya/rotor_s/devel/lib/rotors_gazebo/waypoint_publisher_file
Symlinking /home/aditya/rotor_s/devel/lib/rotors_gazebo/hovering_example
Symlinking /home/aditya/rotor_s/devel/share/rotors_gazebo/cmake/rotors_gazeboConfig.cmake
Symlinking /home/aditya/rotor_s/devel/share/rotors_gazebo/cmake/rotors_gazeboConfig-version.cmake
Cleaning: (/home/satyam/rotor_s/devel/.private/rotors_gazebo/cmake.lock, /home/satyam/rotor_s/devel/./cmake.lock)
Cleaning: (/home/satyam/rotor_s/devel/.private/rotors_gazebo/share/rotors_gazebo/cmake/rotors_gazeboConfig.cmake, /home/satyam/rotor_s/devel/share/rotors_gazebo/cmake/rotors_gazeboConfig.cmake)
Cleaning: (/home/satyam/rotor_s/devel/.private/rotors_gazebo/share/rotors_gazebo/cmake/rotors_gazeboConfig-version.cmake, /home/satyam/rotor_s/devel/share/rotors_gazebo/cmake/rotors_gazeboConfig-version.cmake)
Cleaning: (/home/satyam/rotor_s/devel/.private/rotors_gazebo/lib/rotors_gazebo/waypoint_publisher, /home/satyam/rotor_s/devel/lib/rotors_gazebo/waypoint_publisher)
Cleaning: (/home/satyam/rotor_s/devel/.private/rotors_gazebo/lib/rotors_gazebo/waypoint_publisher_file, /home/satyam/rotor_s/devel/lib/rotors_gazebo/waypoint_publisher_file)
Cleaning: (/home/satyam/rotor_s/devel/.private/rotors_gazebo/lib/rotors_gazebo/hovering_example, /home/satyam/rotor_s/devel/lib/rotors_gazebo/hovering_example)
Cleaning: (/home/satyam/rotor_s/devel/.private/rotors_gazebo/lib/pkgconfig/rotors_gazebo.pc, /home/satyam/rotor_s/devel/lib/pkgconfig/rotors_gazebo.pc)
Unlinking: /home/satyam/rotor_s/devel/share/rotors_gazebo/cmake/rotors_gazeboConfig.cmake
Already unlinked: {}
Unlinking: /home/satyam/rotor_s/devel/share/rotors_gazebo/cmake/rotors_gazeboConfig-version.cmake
Already unlinked: {}
Unlinking: /home/satyam/rotor_s/devel/lib/rotors_gazebo/waypoint_publisher
Already unlinked: {}
Unlinking: /home/satyam/rotor_s/devel/lib/rotors_gazebo/waypoint_publisher_file
Already unlinked: {}
Unlinking: /home/satyam/rotor_s/devel/lib/rotors_gazebo/hovering_example
Already unlinked: {}
Unlinking: /home/satyam/rotor_s/devel/lib/pkgconfig/rotors_gazebo.pc
Already unlinked: {}
