[  0%] Built target nav_msgs_generate_messages_eus
[  0%] Built target sensor_msgs_generate_messages_nodejs
[  0%] Built target mav_msgs_generate_messages_py
[  0%] Built target trajectory_msgs_generate_messages_lisp
[  0%] Built target mav_msgs_generate_messages_nodejs
[  0%] Built target trajectory_msgs_generate_messages_nodejs
[  0%] Built target mav_msgs_generate_messages_lisp
[  0%] Built target roscpp_generate_messages_cpp
[  0%] Built target std_msgs_generate_messages_cpp
[  0%] Built target std_msgs_generate_messages_py
[  0%] Built target rosgraph_msgs_generate_messages_lisp
[  0%] Built target actionlib_msgs_generate_messages_eus
[  0%] Built target std_msgs_generate_messages_nodejs
[  0%] Built target geometry_msgs_generate_messages_eus
[  0%] Built target nav_msgs_generate_messages_lisp
[  0%] Built target nav_msgs_generate_messages_cpp
[  0%] Built target rosgraph_msgs_generate_messages_eus
[  0%] Built target geometry_msgs_generate_messages_py
[  0%] Built target nav_msgs_generate_messages_py
[  0%] Built target sensor_msgs_generate_messages_py
[  0%] Built target rosgraph_msgs_generate_messages_py
[  0%] Built target roscpp_generate_messages_lisp
[  0%] Built target trajectory_msgs_generate_messages_cpp
[  0%] Built target geometry_msgs_generate_messages_cpp
[  0%] Built target actionlib_msgs_generate_messages_lisp
[  0%] Built target geometry_msgs_generate_messages_lisp
[  0%] Built target actionlib_msgs_generate_messages_nodejs
[  0%] Built target std_msgs_generate_messages_eus
[  0%] Built target geometry_msgs_generate_messages_nodejs
[  0%] Built target mav_msgs_generate_messages_eus
[  0%] Built target mav_msgs_generate_messages_cpp
[  0%] Built target actionlib_msgs_generate_messages_cpp
[  0%] Built target std_msgs_generate_messages_lisp
[  0%] Built target actionlib_msgs_generate_messages_py
[  0%] Built target roscpp_generate_messages_eus
[  0%] Built target rosgraph_msgs_generate_messages_nodejs
[  0%] Built target roscpp_generate_messages_nodejs
[  0%] Built target trajectory_msgs_generate_messages_eus
[  0%] Built target roscpp_generate_messages_py
[  0%] Built target rosgraph_msgs_generate_messages_cpp
[  0%] Built target trajectory_msgs_generate_messages_py
[  0%] Built target nav_msgs_generate_messages_nodejs
[  0%] Built target sensor_msgs_generate_messages_cpp
[  0%] Built target sensor_msgs_generate_messages_eus
[  0%] Built target sensor_msgs_generate_messages_lisp
[  8%] [32mBuilding CXX object CMakeFiles/waypoint_node.dir/src/nodes/waypoint.cpp.o[0m
[ 25%] [32mBuilding CXX object CMakeFiles/pid_custom_node.dir/src/nodes/pid_controller2.cpp.o[0m
[ 25%] [32mBuilding CXX object CMakeFiles/roll_pitch_yawrate_thrust_controller.dir/src/library/roll_pitch_yawrate_thrust_controller.cpp.o[0m
[ 33%] [32mBuilding CXX object CMakeFiles/lee_position_controller.dir/src/library/lee_position_controller.cpp.o[0m
[ 41%] [32m[1mLinking CXX executable /home/aditya/rotor_s/devel/.private/rotors_control/lib/rotors_control/waypoint_node[0m
[ 41%] Built target waypoint_node
[ 50%] [32m[1mLinking CXX shared library /home/aditya/rotor_s/devel/.private/rotors_control/lib/libroll_pitch_yawrate_thrust_controller.so[0m
[ 50%] Built target roll_pitch_yawrate_thrust_controller
[ 58%] [32mBuilding CXX object CMakeFiles/roll_pitch_yawrate_thrust_controller_node.dir/src/nodes/roll_pitch_yawrate_thrust_controller_node.cpp.o[0m
[ 66%] [32m[1mLinking CXX shared library /home/aditya/rotor_s/devel/.private/rotors_control/lib/liblee_position_controller.so[0m
[ 75%] [32m[1mLinking CXX executable /home/aditya/rotor_s/devel/.private/rotors_control/lib/rotors_control/pid_custom_node[0m
[ 75%] Built target lee_position_controller
[ 83%] [32mBuilding CXX object CMakeFiles/lee_position_controller_node.dir/src/nodes/lee_position_controller_node.cpp.o[0m
[ 83%] Built target pid_custom_node
[ 91%] [32m[1mLinking CXX executable /home/aditya/rotor_s/devel/.private/rotors_control/lib/rotors_control/roll_pitch_yawrate_thrust_controller_node[0m
[ 91%] Built target roll_pitch_yawrate_thrust_controller_node
[100%] [32m[1mLinking CXX executable /home/aditya/rotor_s/devel/.private/rotors_control/lib/rotors_control/lee_position_controller_node[0m
[100%] Built target lee_position_controller_node
